  main.cpp
E:\Project\Graphics\hw3\main.h(11,24): warning C4305: “初始化”: 从“double”到“float”截断
E:\Project\Graphics\hw3\main.cpp(73,28): warning C4305: “初始化”: 从“double”到“GLfloat”截断
E:\Project\Graphics\hw3\main.cpp(73,33): warning C4305: “初始化”: 从“double”到“GLfloat”截断
E:\Project\Graphics\hw3\main.cpp(73,38): warning C4305: “初始化”: 从“double”到“GLfloat”截断
E:\Project\Graphics\hw3\main.cpp(74,28): warning C4305: “初始化”: 从“double”到“GLfloat”截断
E:\Project\Graphics\hw3\main.cpp(74,33): warning C4305: “初始化”: 从“double”到“GLfloat”截断
E:\Project\Graphics\hw3\main.cpp(74,38): warning C4305: “初始化”: 从“double”到“GLfloat”截断
E:\Project\Graphics\hw3\main.cpp(77,24): warning C4305: “初始化”: 从“double”到“float”截断
E:\Project\Graphics\hw3\main.cpp(78,24): warning C4305: “初始化”: 从“double”到“float”截断
E:\Project\Graphics\hw3\main.cpp(79,27): warning C4305: “初始化”: 从“double”到“float”截断
E:\Project\Graphics\hw3\main.cpp(85,29): warning C4305: “初始化”: 从“double”到“GLfloat”截断
E:\Project\Graphics\hw3\main.cpp(85,34): warning C4305: “初始化”: 从“double”到“GLfloat”截断
E:\Project\Graphics\hw3\main.cpp(85,39): warning C4305: “初始化”: 从“double”到“GLfloat”截断
E:\Project\Graphics\hw3\main.cpp(86,29): warning C4305: “初始化”: 从“double”到“GLfloat”截断
E:\Project\Graphics\hw3\main.cpp(86,34): warning C4305: “初始化”: 从“double”到“GLfloat”截断
E:\Project\Graphics\hw3\main.cpp(86,39): warning C4305: “初始化”: 从“double”到“GLfloat”截断
E:\Project\Graphics\hw3\main.cpp(87,30): warning C4305: “初始化”: 从“double”到“GLfloat”截断
E:\Project\Graphics\hw3\main.cpp(87,35): warning C4305: “初始化”: 从“double”到“GLfloat”截断
E:\Project\Graphics\hw3\main.cpp(87,40): warning C4305: “初始化”: 从“double”到“GLfloat”截断
E:\Project\Graphics\hw3\main.cpp(89,25): warning C4305: “初始化”: 从“double”到“float”截断
E:\Project\Graphics\hw3\main.cpp(90,25): warning C4305: “初始化”: 从“double”到“float”截断
E:\Project\Graphics\hw3\main.cpp(91,28): warning C4305: “初始化”: 从“double”到“float”截断
E:\Project\Graphics\hw3\main.cpp(97,29): warning C4305: “初始化”: 从“double”到“GLfloat”截断
E:\Project\Graphics\hw3\main.cpp(97,34): warning C4305: “初始化”: 从“double”到“GLfloat”截断
E:\Project\Graphics\hw3\main.cpp(97,39): warning C4305: “初始化”: 从“double”到“GLfloat”截断
E:\Project\Graphics\hw3\main.cpp(98,29): warning C4305: “初始化”: 从“double”到“GLfloat”截断
E:\Project\Graphics\hw3\main.cpp(98,34): warning C4305: “初始化”: 从“double”到“GLfloat”截断
E:\Project\Graphics\hw3\main.cpp(98,39): warning C4305: “初始化”: 从“double”到“GLfloat”截断
E:\Project\Graphics\hw3\main.cpp(99,30): warning C4305: “初始化”: 从“double”到“GLfloat”截断
E:\Project\Graphics\hw3\main.cpp(99,35): warning C4305: “初始化”: 从“double”到“GLfloat”截断
E:\Project\Graphics\hw3\main.cpp(99,40): warning C4305: “初始化”: 从“double”到“GLfloat”截断
E:\Project\Graphics\hw3\main.cpp(101,25): warning C4305: “初始化”: 从“double”到“float”截断
E:\Project\Graphics\hw3\main.cpp(102,25): warning C4305: “初始化”: 从“double”到“float”截断
E:\Project\Graphics\hw3\main.cpp(103,28): warning C4305: “初始化”: 从“double”到“float”截断
E:\Project\Graphics\hw3\main.cpp(171,28): warning C4244: “参数”: 从“double”转换到“float”，可能丢失数据
E:\Project\Graphics\hw3\main.cpp(172,28): warning C4244: “参数”: 从“double”转换到“float”，可能丢失数据
  hw3.vcxproj -> E:\Project\Graphics\hw3\x64\Debug\hw3.exe
