e:\project\graphics\hw3\x64\release\vc143.pdb
e:\project\graphics\hw3\x64\release\utils.obj
e:\project\graphics\hw3\x64\release\skybox.obj
e:\project\graphics\hw3\x64\release\ray.obj
e:\project\graphics\hw3\x64\release\model.obj
e:\project\graphics\hw3\x64\release\main.obj
e:\project\graphics\hw3\x64\release\camera.obj
e:\project\graphics\hw3\x64\release\bmp.obj
e:\project\graphics\hw3\x64\release\hw3.exe
e:\project\graphics\hw3\x64\release\hw3.pdb
e:\project\graphics\hw3\x64\release\hw3.ipdb
e:\project\graphics\hw3\x64\release\hw3.iobj
e:\project\graphics\hw3\x64\release\hw3.tlog\cl.command.1.tlog
e:\project\graphics\hw3\x64\release\hw3.tlog\cl.items.tlog
e:\project\graphics\hw3\x64\release\hw3.tlog\cl.read.1.tlog
e:\project\graphics\hw3\x64\release\hw3.tlog\cl.write.1.tlog
e:\project\graphics\hw3\x64\release\hw3.tlog\link.command.1.tlog
e:\project\graphics\hw3\x64\release\hw3.tlog\link.read.1.tlog
e:\project\graphics\hw3\x64\release\hw3.tlog\link.write.1.tlog
e:\project\graphics\hw3\x64\release\hw3.tlog\link.write.2u.tlog
